c:\users\avan994\desktop\scai\arrakbot_source\steamhammer\visualstudio\release\steamhammer\vc120.pdb
c:\users\avan994\desktop\scai\arrakbot_source\steamhammer\visualstudio\release\steamhammer\micro.obj
c:\users\avan994\desktop\scai\arrakbot_source\steamhammer\visualstudio\release\steamhammer\rangedmanager.obj
c:\users\avan994\desktop\scai\arrakbot_source\steamhammer\visualstudio\release\steamhammer\micromanager.obj
c:\users\avan994\desktop\scai\arrakbot_source\steamhammer\visualstudio\release\steamhammer\combatcommander.obj
c:\users\avan994\desktop\scai\arrakbot_source\steamhammer\visualstudio\release\steamhammer\meleemanager.obj
c:\users\avan994\desktop\scai\arrakbot_source\steamhammer\visualstudio\release\steamhammer\workermanager.obj
c:\users\avan994\desktop\scai\arrakbot_source\steamhammer\visualstudio\release\steamhammer\castermanager.obj
c:\users\avan994\desktop\scai\arrakbot_source\steamhammer\visualstudio\release\steamhammer\strategybosszerg.obj
c:\users\avan994\desktop\scai\arrakbot_source\steamhammer\visualstudio\release\steamhammer\detectormanager.obj
c:\users\avan994\desktop\scai\arrakbot_source\steamhammer\visualstudio\release\steamhammer\mapgrid.obj
c:\users\avan994\desktop\scai\arrakbot_source\steamhammer\visualstudio\release\steamhammer\squad.obj
c:\users\avan994\desktop\scai\arrakbot_source\steamhammer\visualstudio\release\steamhammer\medicmanager.obj
c:\users\avan994\desktop\scai\arrakbot_source\steamhammer\visualstudio\release\steamhammer\staticdefensemanager.obj
c:\users\avan994\desktop\scai\arrakbot_source\steamhammer\visualstudio\release\steamhammer\buildingmanager.obj
c:\users\avan994\desktop\scai\arrakbot_source\steamhammer\visualstudio\release\steamhammer\transportmanager.obj
c:\users\avan994\desktop\scai\arrakbot_source\steamhammer\visualstudio\release\steamhammer\ualbertabotmodule.obj
c:\users\avan994\desktop\scai\arrakbot_source\steamhammer\visualstudio\release\steamhammer\scoutmanager.obj
c:\users\avan994\desktop\scai\arrakbot_source\steamhammer\visualstudio\release\steamhammer\combatsimulation.obj
c:\users\avan994\desktop\scai\arrakbot_source\steamhammer\visualstudio\release\steamhammer\squaddata.obj
c:\users\avan994\desktop\scai\arrakbot_source\steamhammer\visualstudio\release\steamhammer\productionmanager.obj
c:\users\avan994\desktop\scai\arrakbot_source\steamhammer\visualstudio\release\steamhammer\lurkermanager.obj
c:\users\avan994\desktop\scai\arrakbot_source\steamhammer\visualstudio\release\steamhammer\overlordmanager.obj
c:\users\avan994\desktop\scai\arrakbot_source\steamhammer\visualstudio\release\steamhammer\buildingplacer.obj
c:\users\avan994\desktop\scai\arrakbot_source\steamhammer\visualstudio\release\steamhammer\dll.obj
c:\users\avan994\desktop\scai\arrakbot_source\steamhammer\visualstudio\release\steamhammer\strategymanager.obj
c:\users\avan994\desktop\scai\arrakbot_source\steamhammer\visualstudio\release\steamhammer\gamecommander.obj
c:\users\avan994\desktop\scai\arrakbot_source\steamhammer\visualstudio\release\steamhammer\tankmanager.obj
c:\users\avan994\desktop\scai\arrakbot_source\steamhammer\visualstudio\release\steamhammer\unitutil.obj
c:\users\avan994\desktop\scai\arrakbot_source\steamhammer\visualstudio\release\steamhammer\bossmanager.obj
c:\users\avan994\desktop\scai\arrakbot_source\steamhammer\visualstudio\release\steamhammer\maptools.obj
c:\users\avan994\desktop\scai\arrakbot_source\steamhammer\visualstudio\release\steamhammer\parseutils.obj
c:\users\avan994\desktop\scai\arrakbot_source\steamhammer\visualstudio\release\steamhammer\workerdata.obj
c:\users\avan994\desktop\scai\arrakbot_source\steamhammer\visualstudio\release\steamhammer\base.obj
c:\users\avan994\desktop\scai\arrakbot_source\steamhammer\visualstudio\release\steamhammer\config.obj
c:\users\avan994\desktop\scai\arrakbot_source\steamhammer\visualstudio\release\steamhammer\informationmanager.obj
c:\users\avan994\desktop\scai\arrakbot_source\steamhammer\visualstudio\release\steamhammer\buildorder.obj
c:\users\avan994\desktop\scai\arrakbot_source\steamhammer\visualstudio\release\steamhammer\macroact.obj
c:\users\avan994\desktop\scai\arrakbot_source\steamhammer\visualstudio\release\steamhammer\buildingdata.obj
c:\users\avan994\desktop\scai\arrakbot_source\steamhammer\visualstudio\release\steamhammer\buildorderqueue.obj
c:\users\avan994\desktop\scai\arrakbot_source\steamhammer\visualstudio\release\steamhammer\random.obj
c:\users\avan994\desktop\scai\arrakbot_source\steamhammer\visualstudio\release\steamhammer\unitdata.obj
c:\users\avan994\desktop\scai\arrakbot_source\steamhammer\visualstudio\release\steamhammer\fap.obj
c:\users\avan994\desktop\scai\arrakbot_source\steamhammer\bin\steamhammer.dll
c:\users\avan994\desktop\scai\arrakbot_source\steamhammer\bin\steamhammer.map
c:\users\avan994\desktop\scai\arrakbot_source\steamhammer\bin\steamhammer.pdb
c:\users\avan994\desktop\scai\arrakbot_source\steamhammer\bin\steamhammer.lib
c:\users\avan994\desktop\scai\arrakbot_source\steamhammer\bin\steamhammer.exp
c:\users\avan994\desktop\scai\arrakbot_source\steamhammer\visualstudio\release\steamhammer\common.obj
c:\users\avan994\desktop\scai\arrakbot_source\steamhammer\visualstudio\release\steamhammer\jsontools.obj
c:\users\avan994\desktop\scai\arrakbot_source\steamhammer\visualstudio\release\steamhammer\logger.obj
c:\users\avan994\desktop\scai\arrakbot_source\steamhammer\visualstudio\release\steamhammer\timermanager.obj
c:\users\avan994\desktop\scai\arrakbot_source\steamhammer\visualstudio\release\steamhammer\uabassert.obj
c:\users\avan994\desktop\scai\arrakbot_source\steamhammer\visualstudio\\..\bin\steamhammer.pdb
c:\users\avan994\desktop\scai\arrakbot_source\steamhammer\visualstudio\\..\bin\steamhammer.dll
c:\users\avan994\desktop\scai\arrakbot_source\steamhammer\visualstudio\release\steamhammer\steamhammer.tlog\cl.command.1.tlog
c:\users\avan994\desktop\scai\arrakbot_source\steamhammer\visualstudio\release\steamhammer\steamhammer.tlog\cl.read.1.tlog
c:\users\avan994\desktop\scai\arrakbot_source\steamhammer\visualstudio\release\steamhammer\steamhammer.tlog\cl.write.1.tlog
c:\users\avan994\desktop\scai\arrakbot_source\steamhammer\visualstudio\release\steamhammer\steamhammer.tlog\link.command.1.tlog
c:\users\avan994\desktop\scai\arrakbot_source\steamhammer\visualstudio\release\steamhammer\steamhammer.tlog\link.read.1.tlog
c:\users\avan994\desktop\scai\arrakbot_source\steamhammer\visualstudio\release\steamhammer\steamhammer.tlog\link.write.1.tlog
c:\users\avan994\desktop\scai\arrakbot_source\steamhammer\visualstudio\release\steamhammer\steamhammer.tlog\steamhammer.write.1u.tlog
