Build started 6/10/2017 3:22:19 PM.
     1>Project "C:\Users\avan994\Desktop\SCAI\Arrakbot_source\Steamhammer\VisualStudio\UAlbertaBot.vcxproj" on node 2 (Build target(s)).
     1>ClCompile:
         C:\Program Files (x86)\Microsoft Visual Studio 12.0\VC\bin\CL.exe /c /I../BOSS/source /I../SparCraft/source /I../source /IC:\libraries\BWTAlib_2.2/include /IC:\libraries\BWAPI/include /ZI /nologo /W3 /WX- /MP /Od /Oy- /D WIN32 /D _DEBUG /D _WINDOWS /D _USRDLL /D EXAMPLEAIMODULE_EXPORTS /D NOMINMAX /D _WINDLL /D _UNICODE /D UNICODE /Gm- /EHsc /RTC1 /MDd /GS /fp:precise /Zc:wchar_t /Zc:forScope /Fo"C:\Users\avan994\Desktop\SCAI\Arrakbot_source\Steamhammer\VisualStudio\\Debug\Steamhammer\\" /Fd"C:\Users\avan994\Desktop\SCAI\Arrakbot_source\Steamhammer\VisualStudio\\Debug\Steamhammer\vc120.pdb" /Gd /TP /analyze- /errorReport:prompt ..\Source\MacroAct.cpp ..\Source\UnitUtil.cpp
         MacroAct.cpp
         UnitUtil.cpp
       Link:
         C:\Program Files (x86)\Microsoft Visual Studio 12.0\VC\bin\link.exe /ERRORREPORT:PROMPT /OUT:"C:\Users\avan994\Desktop\SCAI\Arrakbot_source\Steamhammer\VisualStudio\\..\bin\Steamhammer_d.dll" /INCREMENTAL /NOLOGO C:\libraries\BWAPI/lib/BWAPId.lib Debug/SparCraft/SparCraft_d.lib ../../BOSS/bin/BOSS_d.lib C:\libraries\BWTAlib_2.2/lib/BWTAd.lib "C:\libraries\BWTAlib_2.2/lib/libboost_system-vc120-mt-gd-1_56.lib" "C:\libraries\BWTAlib_2.2/lib/libboost_thread-vc120-mt-gd-1_56.lib" "C:\libraries\BWTAlib_2.2/lib/libCGAL-vc120-mt-gd-4.4.lib" "C:\libraries\BWTAlib_2.2/lib/libgmp-10.lib" "C:\libraries\BWTAlib_2.2/lib/libmpfr-4.lib" "C:\libraries\BWTAlib_2.2/lib/libboost_filesystem-vc120-mt-gd-1_56.lib" kernel32.lib user32.lib gdi32.lib winspool.lib comdlg32.lib advapi32.lib shell32.lib ole32.lib oleaut32.lib uuid.lib odbc32.lib odbccp32.lib /MANIFEST /MANIFESTUAC:"level='asInvoker' uiAccess='false'" /manifest:embed /DEBUG /PDB:"C:\Users\avan994\Desktop\SCAI\Arrakbot_source\Steamhammer\VisualStudio\\..\bin\Steamhammer_d.pdb" /SUBSYSTEM:WINDOWS /TLBID:1 /DYNAMICBASE /NXCOMPAT /IMPLIB:"C:\Users\avan994\Desktop\SCAI\Arrakbot_source\Steamhammer\VisualStudio\\..\bin\Steamhammer_d.lib" /MACHINE:X86 /SAFESEH /DLL C:\Users\avan994\Desktop\SCAI\Arrakbot_source\Steamhammer\VisualStudio\\Debug\Steamhammer\BOSSManager.obj
         C:\Users\avan994\Desktop\SCAI\Arrakbot_source\Steamhammer\VisualStudio\\Debug\Steamhammer\BuildingData.obj
         C:\Users\avan994\Desktop\SCAI\Arrakbot_source\Steamhammer\VisualStudio\\Debug\Steamhammer\BuildingManager.obj
         C:\Users\avan994\Desktop\SCAI\Arrakbot_source\Steamhammer\VisualStudio\\Debug\Steamhammer\BuildingPlacer.obj
         C:\Users\avan994\Desktop\SCAI\Arrakbot_source\Steamhammer\VisualStudio\\Debug\Steamhammer\BuildOrder.obj
         C:\Users\avan994\Desktop\SCAI\Arrakbot_source\Steamhammer\VisualStudio\\Debug\Steamhammer\BuildOrderQueue.obj
         C:\Users\avan994\Desktop\SCAI\Arrakbot_source\Steamhammer\VisualStudio\\Debug\Steamhammer\CasterManager.obj
         C:\Users\avan994\Desktop\SCAI\Arrakbot_source\Steamhammer\VisualStudio\\Debug\Steamhammer\CombatSimulation.obj
         C:\Users\avan994\Desktop\SCAI\Arrakbot_source\Steamhammer\VisualStudio\\Debug\Steamhammer\CombatCommander.obj
         C:\Users\avan994\Desktop\SCAI\Arrakbot_source\Steamhammer\VisualStudio\\Debug\Steamhammer\Common.obj
         C:\Users\avan994\Desktop\SCAI\Arrakbot_source\Steamhammer\VisualStudio\\Debug\Steamhammer\DetectorManager.obj
         C:\Users\avan994\Desktop\SCAI\Arrakbot_source\Steamhammer\VisualStudio\\Debug\Steamhammer\Dll.obj
         C:\Users\avan994\Desktop\SCAI\Arrakbot_source\Steamhammer\VisualStudio\\Debug\Steamhammer\GameCommander.obj
         C:\Users\avan994\Desktop\SCAI\Arrakbot_source\Steamhammer\VisualStudio\\Debug\Steamhammer\InformationManager.obj
         C:\Users\avan994\Desktop\SCAI\Arrakbot_source\Steamhammer\VisualStudio\\Debug\Steamhammer\JSONTools.obj
         C:\Users\avan994\Desktop\SCAI\Arrakbot_source\Steamhammer\VisualStudio\\Debug\Steamhammer\Logger.obj
         C:\Users\avan994\Desktop\SCAI\Arrakbot_source\Steamhammer\VisualStudio\\Debug\Steamhammer\LurkerManager.obj
         C:\Users\avan994\Desktop\SCAI\Arrakbot_source\Steamhammer\VisualStudio\\Debug\Steamhammer\MacroAct.obj
         C:\Users\avan994\Desktop\SCAI\Arrakbot_source\Steamhammer\VisualStudio\\Debug\Steamhammer\MapGrid.obj
         C:\Users\avan994\Desktop\SCAI\Arrakbot_source\Steamhammer\VisualStudio\\Debug\Steamhammer\MapTools.obj
         C:\Users\avan994\Desktop\SCAI\Arrakbot_source\Steamhammer\VisualStudio\\Debug\Steamhammer\MedicManager.obj
         C:\Users\avan994\Desktop\SCAI\Arrakbot_source\Steamhammer\VisualStudio\\Debug\Steamhammer\MeleeManager.obj
         C:\Users\avan994\Desktop\SCAI\Arrakbot_source\Steamhammer\VisualStudio\\Debug\Steamhammer\MicroManager.obj
         C:\Users\avan994\Desktop\SCAI\Arrakbot_source\Steamhammer\VisualStudio\\Debug\Steamhammer\Config.obj
         C:\Users\avan994\Desktop\SCAI\Arrakbot_source\Steamhammer\VisualStudio\\Debug\Steamhammer\Micro.obj
         C:\Users\avan994\Desktop\SCAI\Arrakbot_source\Steamhammer\VisualStudio\\Debug\Steamhammer\OverlordManager.obj
         C:\Users\avan994\Desktop\SCAI\Arrakbot_source\Steamhammer\VisualStudio\\Debug\Steamhammer\ParseUtils.obj
         C:\Users\avan994\Desktop\SCAI\Arrakbot_source\Steamhammer\VisualStudio\\Debug\Steamhammer\ProductionManager.obj
         C:\Users\avan994\Desktop\SCAI\Arrakbot_source\Steamhammer\VisualStudio\\Debug\Steamhammer\RangedManager.obj
         C:\Users\avan994\Desktop\SCAI\Arrakbot_source\Steamhammer\VisualStudio\\Debug\Steamhammer\ScoutManager.obj
         C:\Users\avan994\Desktop\SCAI\Arrakbot_source\Steamhammer\VisualStudio\\Debug\Steamhammer\Squad.obj
         C:\Users\avan994\Desktop\SCAI\Arrakbot_source\Steamhammer\VisualStudio\\Debug\Steamhammer\SquadData.obj
         C:\Users\avan994\Desktop\SCAI\Arrakbot_source\Steamhammer\VisualStudio\\Debug\Steamhammer\StrategyBossZerg.obj
         C:\Users\avan994\Desktop\SCAI\Arrakbot_source\Steamhammer\VisualStudio\\Debug\Steamhammer\StrategyManager.obj
         C:\Users\avan994\Desktop\SCAI\Arrakbot_source\Steamhammer\VisualStudio\\Debug\Steamhammer\TankManager.obj
         C:\Users\avan994\Desktop\SCAI\Arrakbot_source\Steamhammer\VisualStudio\\Debug\Steamhammer\TimerManager.obj
         C:\Users\avan994\Desktop\SCAI\Arrakbot_source\Steamhammer\VisualStudio\\Debug\Steamhammer\TransportManager.obj
         C:\Users\avan994\Desktop\SCAI\Arrakbot_source\Steamhammer\VisualStudio\\Debug\Steamhammer\UABAssert.obj
         C:\Users\avan994\Desktop\SCAI\Arrakbot_source\Steamhammer\VisualStudio\\Debug\Steamhammer\UAlbertaBotModule.obj
         C:\Users\avan994\Desktop\SCAI\Arrakbot_source\Steamhammer\VisualStudio\\Debug\Steamhammer\UnitData.obj
         C:\Users\avan994\Desktop\SCAI\Arrakbot_source\Steamhammer\VisualStudio\\Debug\Steamhammer\UnitUtil.obj
         C:\Users\avan994\Desktop\SCAI\Arrakbot_source\Steamhammer\VisualStudio\\Debug\Steamhammer\WorkerData.obj
         C:\Users\avan994\Desktop\SCAI\Arrakbot_source\Steamhammer\VisualStudio\\Debug\Steamhammer\WorkerManager.obj
         UAlbertaBot.vcxproj -> C:\Users\avan994\Desktop\SCAI\Arrakbot_source\Steamhammer\VisualStudio\\..\bin\Steamhammer_d.dll
     1>Done Building Project "C:\Users\avan994\Desktop\SCAI\Arrakbot_source\Steamhammer\VisualStudio\UAlbertaBot.vcxproj" (Build target(s)).

Build succeeded.

Time Elapsed 00:00:02.46
