Build started 9/13/2017 11:33:29 PM.
     1>Project "C:\Users\avan994\Desktop\SCAI\Arrakbot_source\Arrakhammer\VisualStudio\UAlbertaBot.vcxproj" on node 2 (Build target(s)).
     1>ClCompile:
         C:\Program Files (x86)\Microsoft Visual Studio 12.0\VC\bin\CL.exe /c /I../BOSS/source /I../SparCraft/source /I../source /IC:\libraries\BWAPI/include /IC:\libraries\BWTAlib_2.2/include /Zi /nologo /W3 /WX- /MP /Ox /Ob2 /Oi /Ot /Oy- /GL /D WIN32 /D NDEBUG /D _WINDOWS /D _USRDLL /D EXAMPLEAIMODULE_EXPORTS /D NOMINMAX /D _WINDLL /D _UNICODE /D UNICODE /GF /Gm- /EHsc /MD /GS /Gy /fp:precise /Zc:wchar_t /Zc:forScope /Fo"C:\Users\avan994\Desktop\SCAI\Arrakbot_source\Arrakhammer\VisualStudio\\Release\Arrakhammer\\" /Fd"C:\Users\avan994\Desktop\SCAI\Arrakbot_source\Arrakhammer\VisualStudio\\Release\Arrakhammer\vc120.pdb" /Gd /TP /wd4996 /analyze- /errorReport:prompt ..\source\BuildingManager.cpp ..\source\BuildingPlacer.cpp ..\Source\CasterManager.cpp ..\Source\CombatSimulation.cpp ..\Source\CombatCommander.cpp ..\source\DetectorManager.cpp ..\Source\Dll.cpp ..\Source\GameCommander.cpp ..\Source\LurkerManager.cpp ..\Source\MapGrid.cpp ..\Source\MedicManager.cpp ..\source\MeleeManager.cpp ..\source\MicroManager.cpp ..\Source\OverlordManager.cpp ..\source\ProductionManager.cpp ..\source\RangedManager.cpp ..\source\ScoutManager.cpp ..\Source\Squad.cpp ..\Source\SquadData.cpp ..\Source\StaticDefenseManager.cpp ..\Source\StrategyBossZerg.cpp ..\Source\StrategyManager.cpp ..\Source\TankManager.cpp ..\source\TransportManager.cpp ..\Source\UAlbertaBotModule.cpp
         BuildingManager.cpp
         BuildingPlacer.cpp
         CasterManager.cpp
         CombatSimulation.cpp
         CombatCommander.cpp
         DetectorManager.cpp
         Dll.cpp
         GameCommander.cpp
         LurkerManager.cpp
         MapGrid.cpp
         MedicManager.cpp
         MeleeManager.cpp
         MicroManager.cpp
         OverlordManager.cpp
         ProductionManager.cpp
         RangedManager.cpp
         ScoutManager.cpp
         Squad.cpp
         SquadData.cpp
         StaticDefenseManager.cpp
         StrategyBossZerg.cpp
         StrategyManager.cpp
         TankManager.cpp
         TransportManager.cpp
         UAlbertaBotModule.cpp
       Link:
         C:\Program Files (x86)\Microsoft Visual Studio 12.0\VC\bin\link.exe /ERRORREPORT:PROMPT /OUT:"C:\Users\avan994\Desktop\SCAI\Arrakbot_source\Arrakhammer\VisualStudio\\..\bin\Arrakhammer.dll" /INCREMENTAL:NO /NOLOGO C:\libraries\BWAPI/lib/BWAPI.lib Release/SparCraft/SparCraft.lib ../../BOSS/bin/BOSS.lib C:\libraries\BWTAlib_2.2/lib/BWTA.lib "C:\libraries\BWTAlib_2.2/lib/libboost_system-vc120-mt-1_56.lib" "C:\libraries\BWTAlib_2.2/lib/libboost_thread-vc120-mt-1_56.lib" "C:\libraries\BWTAlib_2.2/lib/libCGAL-vc120-mt-4.4.lib" "C:\libraries\BWTAlib_2.2/lib/libgmp-10.lib" "C:\libraries\BWTAlib_2.2/lib/libmpfr-4.lib" "C:\libraries\BWTAlib_2.2/lib/libboost_filesystem-vc120-mt-1_56.lib" kernel32.lib user32.lib gdi32.lib winspool.lib comdlg32.lib advapi32.lib shell32.lib ole32.lib oleaut32.lib uuid.lib odbc32.lib odbccp32.lib /MANIFEST /MANIFESTUAC:"level='asInvoker' uiAccess='false'" /manifest:embed /DEBUG /PDB:"C:\Users\avan994\Desktop\SCAI\Arrakbot_source\Arrakhammer\VisualStudio\\..\bin\Arrakhammer.pdb" /MAP /SUBSYSTEM:WINDOWS /OPT:REF /OPT:ICF /LTCG /TLBID:1 /DYNAMICBASE /NXCOMPAT /MACHINE:X86 /SAFESEH /DLL C:\Users\avan994\Desktop\SCAI\Arrakbot_source\Arrakhammer\VisualStudio\\Release\Arrakhammer\Base.obj
         C:\Users\avan994\Desktop\SCAI\Arrakbot_source\Arrakhammer\VisualStudio\\Release\Arrakhammer\BOSSManager.obj
         C:\Users\avan994\Desktop\SCAI\Arrakbot_source\Arrakhammer\VisualStudio\\Release\Arrakhammer\BuildingData.obj
         C:\Users\avan994\Desktop\SCAI\Arrakbot_source\Arrakhammer\VisualStudio\\Release\Arrakhammer\BuildingManager.obj
         C:\Users\avan994\Desktop\SCAI\Arrakbot_source\Arrakhammer\VisualStudio\\Release\Arrakhammer\BuildingPlacer.obj
         C:\Users\avan994\Desktop\SCAI\Arrakbot_source\Arrakhammer\VisualStudio\\Release\Arrakhammer\BuildOrder.obj
         C:\Users\avan994\Desktop\SCAI\Arrakbot_source\Arrakhammer\VisualStudio\\Release\Arrakhammer\BuildOrderQueue.obj
         C:\Users\avan994\Desktop\SCAI\Arrakbot_source\Arrakhammer\VisualStudio\\Release\Arrakhammer\CasterManager.obj
         C:\Users\avan994\Desktop\SCAI\Arrakbot_source\Arrakhammer\VisualStudio\\Release\Arrakhammer\CombatSimulation.obj
         C:\Users\avan994\Desktop\SCAI\Arrakbot_source\Arrakhammer\VisualStudio\\Release\Arrakhammer\CombatCommander.obj
         C:\Users\avan994\Desktop\SCAI\Arrakbot_source\Arrakhammer\VisualStudio\\Release\Arrakhammer\Common.obj
         C:\Users\avan994\Desktop\SCAI\Arrakbot_source\Arrakhammer\VisualStudio\\Release\Arrakhammer\DetectorManager.obj
         C:\Users\avan994\Desktop\SCAI\Arrakbot_source\Arrakhammer\VisualStudio\\Release\Arrakhammer\Dll.obj
         C:\Users\avan994\Desktop\SCAI\Arrakbot_source\Arrakhammer\VisualStudio\\Release\Arrakhammer\FAP.obj
         C:\Users\avan994\Desktop\SCAI\Arrakbot_source\Arrakhammer\VisualStudio\\Release\Arrakhammer\GameCommander.obj
         C:\Users\avan994\Desktop\SCAI\Arrakbot_source\Arrakhammer\VisualStudio\\Release\Arrakhammer\InformationManager.obj
         C:\Users\avan994\Desktop\SCAI\Arrakbot_source\Arrakhammer\VisualStudio\\Release\Arrakhammer\JSONTools.obj
         C:\Users\avan994\Desktop\SCAI\Arrakbot_source\Arrakhammer\VisualStudio\\Release\Arrakhammer\Logger.obj
         C:\Users\avan994\Desktop\SCAI\Arrakbot_source\Arrakhammer\VisualStudio\\Release\Arrakhammer\LurkerManager.obj
         C:\Users\avan994\Desktop\SCAI\Arrakbot_source\Arrakhammer\VisualStudio\\Release\Arrakhammer\MacroAct.obj
         C:\Users\avan994\Desktop\SCAI\Arrakbot_source\Arrakhammer\VisualStudio\\Release\Arrakhammer\MapGrid.obj
         C:\Users\avan994\Desktop\SCAI\Arrakbot_source\Arrakhammer\VisualStudio\\Release\Arrakhammer\MapTools.obj
         C:\Users\avan994\Desktop\SCAI\Arrakbot_source\Arrakhammer\VisualStudio\\Release\Arrakhammer\MedicManager.obj
         C:\Users\avan994\Desktop\SCAI\Arrakbot_source\Arrakhammer\VisualStudio\\Release\Arrakhammer\MeleeManager.obj
         C:\Users\avan994\Desktop\SCAI\Arrakbot_source\Arrakhammer\VisualStudio\\Release\Arrakhammer\MicroManager.obj
         C:\Users\avan994\Desktop\SCAI\Arrakbot_source\Arrakhammer\VisualStudio\\Release\Arrakhammer\Config.obj
         C:\Users\avan994\Desktop\SCAI\Arrakbot_source\Arrakhammer\VisualStudio\\Release\Arrakhammer\Micro.obj
         C:\Users\avan994\Desktop\SCAI\Arrakbot_source\Arrakhammer\VisualStudio\\Release\Arrakhammer\OverlordManager.obj
         C:\Users\avan994\Desktop\SCAI\Arrakbot_source\Arrakhammer\VisualStudio\\Release\Arrakhammer\ParseUtils.obj
         C:\Users\avan994\Desktop\SCAI\Arrakbot_source\Arrakhammer\VisualStudio\\Release\Arrakhammer\ProductionManager.obj
         C:\Users\avan994\Desktop\SCAI\Arrakbot_source\Arrakhammer\VisualStudio\\Release\Arrakhammer\Random.obj
         C:\Users\avan994\Desktop\SCAI\Arrakbot_source\Arrakhammer\VisualStudio\\Release\Arrakhammer\RangedManager.obj
         C:\Users\avan994\Desktop\SCAI\Arrakbot_source\Arrakhammer\VisualStudio\\Release\Arrakhammer\ScoutManager.obj
         C:\Users\avan994\Desktop\SCAI\Arrakbot_source\Arrakhammer\VisualStudio\\Release\Arrakhammer\ZSimcity.obj
         C:\Users\avan994\Desktop\SCAI\Arrakbot_source\Arrakhammer\VisualStudio\\Release\Arrakhammer\Squad.obj
         C:\Users\avan994\Desktop\SCAI\Arrakbot_source\Arrakhammer\VisualStudio\\Release\Arrakhammer\SquadData.obj
         C:\Users\avan994\Desktop\SCAI\Arrakbot_source\Arrakhammer\VisualStudio\\Release\Arrakhammer\StaticDefenseManager.obj
         C:\Users\avan994\Desktop\SCAI\Arrakbot_source\Arrakhammer\VisualStudio\\Release\Arrakhammer\StrategyBossZerg.obj
         C:\Users\avan994\Desktop\SCAI\Arrakbot_source\Arrakhammer\VisualStudio\\Release\Arrakhammer\StrategyManager.obj
         C:\Users\avan994\Desktop\SCAI\Arrakbot_source\Arrakhammer\VisualStudio\\Release\Arrakhammer\TankManager.obj
         C:\Users\avan994\Desktop\SCAI\Arrakbot_source\Arrakhammer\VisualStudio\\Release\Arrakhammer\TimerManager.obj
         C:\Users\avan994\Desktop\SCAI\Arrakbot_source\Arrakhammer\VisualStudio\\Release\Arrakhammer\TransportManager.obj
         C:\Users\avan994\Desktop\SCAI\Arrakbot_source\Arrakhammer\VisualStudio\\Release\Arrakhammer\UABAssert.obj
         C:\Users\avan994\Desktop\SCAI\Arrakbot_source\Arrakhammer\VisualStudio\\Release\Arrakhammer\UAlbertaBotModule.obj
         C:\Users\avan994\Desktop\SCAI\Arrakbot_source\Arrakhammer\VisualStudio\\Release\Arrakhammer\UnitData.obj
         C:\Users\avan994\Desktop\SCAI\Arrakbot_source\Arrakhammer\VisualStudio\\Release\Arrakhammer\UnitUtil.obj
         C:\Users\avan994\Desktop\SCAI\Arrakbot_source\Arrakhammer\VisualStudio\\Release\Arrakhammer\WorkerData.obj
         C:\Users\avan994\Desktop\SCAI\Arrakbot_source\Arrakhammer\VisualStudio\\Release\Arrakhammer\WorkerManager.obj
            Creating library C:\Users\avan994\Desktop\SCAI\Arrakbot_source\Arrakhammer\VisualStudio\\..\bin\Arrakhammer.lib and object C:\Users\avan994\Desktop\SCAI\Arrakbot_source\Arrakhammer\VisualStudio\\..\bin\Arrakhammer.exp
         Generating code
         Finished generating code
         UAlbertaBot.vcxproj -> C:\Users\avan994\Desktop\SCAI\Arrakbot_source\Arrakhammer\VisualStudio\\..\bin\Arrakhammer.dll
     1>Done Building Project "C:\Users\avan994\Desktop\SCAI\Arrakbot_source\Arrakhammer\VisualStudio\UAlbertaBot.vcxproj" (Build target(s)).

Build succeeded.

Time Elapsed 00:00:29.84
